<?xml version="1.0" encoding="UTF-8"?>
<!-- Generated by org.testng.reporters.JUnitReportReporter -->
<testsuite skipped="0" hostname="AR-IT28372" name="org.basic.AppTest" tests="1" failures="0" timestamp="2023-08-17T16:51:21 ART" time="0.003" errors="0">
  <testcase name="shouldAnswerWithTrue" time="0.003" classname="org.basic.AppTest"/>
  <system-out/>
</testsuite> <!-- org.basic.AppTest -->
